Determining if the function sgemm_ exists failed with the following output:
Change Dir: /home/drew-hubley/xtensor-signal/build/CMakeFiles/CMakeTmp

Run Build Command(s):/home/drew-hubley/anaconda3/envs/xtensor-signal/bin/ninja cmTC_82ed8 && [1/2] Building C object CMakeFiles/cmTC_82ed8.dir/CheckFunctionExists.c.o
[2/2] Linking C executable cmTC_82ed8
FAILED: cmTC_82ed8 
: && /home/drew-hubley/anaconda3/envs/xtensor/bin/gcc -DCHECK_FUNCTION_EXISTS=sgemm_ -rdynamic CMakeFiles/cmTC_82ed8.dir/CheckFunctionExists.c.o -o cmTC_82ed8   && :
/home/drew-hubley/anaconda3/envs/xtensor/bin/../lib/gcc/x86_64-conda-linux-gnu/11.2.0/../../../../x86_64-conda-linux-gnu/bin/ld: CMakeFiles/cmTC_82ed8.dir/CheckFunctionExists.c.o: in function `main':
CheckFunctionExists.c:(.text+0x10): undefined reference to `sgemm_'
collect2: error: ld returned 1 exit status
ninja: build stopped: subcommand failed.



Performing C SOURCE FILE Test CMAKE_HAVE_LIBC_PTHREAD failed with the following output:
Change Dir: /home/drew-hubley/xtensor-signal/build/CMakeFiles/CMakeTmp

Run Build Command(s):/home/drew-hubley/anaconda3/envs/xtensor-signal/bin/ninja cmTC_40530 && [1/2] Building C object CMakeFiles/cmTC_40530.dir/src.c.o
[2/2] Linking C executable cmTC_40530
FAILED: cmTC_40530 
: && /home/drew-hubley/anaconda3/envs/xtensor/bin/gcc  -rdynamic CMakeFiles/cmTC_40530.dir/src.c.o -o cmTC_40530   && :
/home/drew-hubley/anaconda3/envs/xtensor/bin/../lib/gcc/x86_64-conda-linux-gnu/11.2.0/../../../../x86_64-conda-linux-gnu/bin/ld: CMakeFiles/cmTC_40530.dir/src.c.o: in function `main':
src.c:(.text+0x2f): undefined reference to `pthread_create'
/home/drew-hubley/anaconda3/envs/xtensor/bin/../lib/gcc/x86_64-conda-linux-gnu/11.2.0/../../../../x86_64-conda-linux-gnu/bin/ld: src.c:(.text+0x3b): undefined reference to `pthread_detach'
/home/drew-hubley/anaconda3/envs/xtensor/bin/../lib/gcc/x86_64-conda-linux-gnu/11.2.0/../../../../x86_64-conda-linux-gnu/bin/ld: src.c:(.text+0x47): undefined reference to `pthread_cancel'
/home/drew-hubley/anaconda3/envs/xtensor/bin/../lib/gcc/x86_64-conda-linux-gnu/11.2.0/../../../../x86_64-conda-linux-gnu/bin/ld: src.c:(.text+0x58): undefined reference to `pthread_join'
/home/drew-hubley/anaconda3/envs/xtensor/bin/../lib/gcc/x86_64-conda-linux-gnu/11.2.0/../../../../x86_64-conda-linux-gnu/bin/ld: src.c:(.text+0x6c): undefined reference to `pthread_atfork'
collect2: error: ld returned 1 exit status
ninja: build stopped: subcommand failed.


Source file was:
#include <pthread.h>

static void* test_func(void* data)
{
  return data;
}

int main(void)
{
  pthread_t thread;
  pthread_create(&thread, NULL, test_func, NULL);
  pthread_detach(thread);
  pthread_cancel(thread);
  pthread_join(thread, NULL);
  pthread_atfork(NULL, NULL, NULL);
  pthread_exit(NULL);

  return 0;
}

Determining if the function pthread_create exists in the pthreads failed with the following output:
Change Dir: /home/drew-hubley/xtensor-signal/build/CMakeFiles/CMakeTmp

Run Build Command(s):/home/drew-hubley/anaconda3/envs/xtensor-signal/bin/ninja cmTC_f868c && [1/2] Building C object CMakeFiles/cmTC_f868c.dir/CheckFunctionExists.c.o
[2/2] Linking C executable cmTC_f868c
FAILED: cmTC_f868c 
: && /home/drew-hubley/anaconda3/envs/xtensor/bin/gcc -DCHECK_FUNCTION_EXISTS=pthread_create -rdynamic CMakeFiles/cmTC_f868c.dir/CheckFunctionExists.c.o -o cmTC_f868c  -lpthreads && :
/home/drew-hubley/anaconda3/envs/xtensor/bin/../lib/gcc/x86_64-conda-linux-gnu/11.2.0/../../../../x86_64-conda-linux-gnu/bin/ld: cannot find -lpthreads
collect2: error: ld returned 1 exit status
ninja: build stopped: subcommand failed.



